// 同步 ID: d6519a63 @ Sat Jul 11 16:46:32 UTC 2026
// 同步 ID: bc19dd16 @ Sun Jul 12 18:35:58 UTC 2026
// 重构日志: c402e4d0
// 同步 ID: dae21f29 @ Wed Jul 15 07:46:11 UTC 2026
// 重构日志: f9e8e4e6
// 重构日志: 2168120f
// 重构日志: a63df4bb
// 同步 ID: 6f829af1 @ Fri Jul 17 01:42:19 UTC 2026
// 重构日志: 70193fb4
// 重构日志: 35d9a165
// 同步 ID: ce93ee79 @ Sat Jul 18 07:27:32 UTC 2026
// 重构日志: 1090c393
// 重构日志: c564923a
// 重构日志: 34cd4bb5
// 重构日志: 209eed78
// 重构日志: c17bd694
// 同步 ID: db7d0bd6 @ Sat Jul 18 16:53:45 UTC 2026
// 重构日志: 1be6c03b
// 重构日志: 229c6019
// 同步 ID: aeaeda95 @ Sun Jul 19 15:53:43 UTC 2026
// 重构日志: 23ca22cb
// 重构日志: 1a68741d
// 同步 ID: 50d1131e @ Mon Jul 20 11:47:50 UTC 2026
// 同步 ID: f5f34e5c @ Mon Jul 20 16:20:51 UTC 2026
// 重构日志: 41bc4f0e
// 重构日志: 09b51ad0
// 重构日志: e8c17261
// 同步 ID: e6d72f3a @ Tue Jul 21 05:43:31 UTC 2026
// 同步 ID: 370cbb4e @ Tue Jul 21 22:53:35 UTC 2026
// 同步 ID: a9aeebd9 @ Wed Jul 22 05:05:47 UTC 2026
// 重构日志: fdd61380
// 重构日志: 81fbe46d
// 重构日志: d5a679fb
// 重构日志: 831638ec
